mode: set
github.com/jeremybumsted/bksprites/internal/sprites/sprite.go:30.47,41.2 5 1
github.com/jeremybumsted/bksprites/internal/sprites/sprite.go:43.52,51.63 6 0
github.com/jeremybumsted/bksprites/internal/sprites/sprite.go:51.63,57.17 5 0
github.com/jeremybumsted/bksprites/internal/sprites/sprite.go:57.17,59.4 1 0
github.com/jeremybumsted/bksprites/internal/sprites/sprite.go:61.3,61.67 1 0
github.com/jeremybumsted/bksprites/internal/sprites/sprite.go:61.67,63.4 1 0
github.com/jeremybumsted/bksprites/internal/sprites/sprite.go:65.3,74.20 3 0
github.com/jeremybumsted/bksprites/internal/sprites/sprite.go:77.2,77.62 1 0
github.com/jeremybumsted/bksprites/internal/sprites/sprite.go:80.42,82.49 2 1
github.com/jeremybumsted/bksprites/internal/sprites/sprite.go:82.49,84.3 1 1
github.com/jeremybumsted/bksprites/internal/sprites/sprite.go:86.2,89.52 2 1
github.com/jeremybumsted/bksprites/internal/spriteman/server.go:26.65,31.2 1 1
github.com/jeremybumsted/bksprites/internal/spriteman/server.go:33.52,42.55 7 0
github.com/jeremybumsted/bksprites/internal/spriteman/server.go:42.55,45.3 2 0
github.com/jeremybumsted/bksprites/internal/spriteman/server.go:47.2,47.12 1 0
github.com/jeremybumsted/bksprites/internal/spriteman/server.go:50.60,52.2 1 1
github.com/jeremybumsted/bksprites/internal/spriteman/server.go:54.57,55.33 1 1
github.com/jeremybumsted/bksprites/internal/spriteman/server.go:55.33,58.3 2 1
github.com/jeremybumsted/bksprites/internal/spriteman/server.go:60.2,61.16 2 1
github.com/jeremybumsted/bksprites/internal/spriteman/server.go:61.16,64.3 2 0
github.com/jeremybumsted/bksprites/internal/spriteman/server.go:66.2,67.55 2 1
github.com/jeremybumsted/bksprites/internal/spriteman/server.go:67.55,70.3 2 1
github.com/jeremybumsted/bksprites/internal/spriteman/server.go:72.2,76.40 3 1
github.com/jeremybumsted/bksprites/internal/monitor/monitor.go:22.107,29.2 1 1
github.com/jeremybumsted/bksprites/internal/monitor/monitor.go:31.52,37.6 4 0
github.com/jeremybumsted/bksprites/internal/monitor/monitor.go:37.6,38.10 1 0
github.com/jeremybumsted/bksprites/internal/monitor/monitor.go:39.21,41.20 2 0
github.com/jeremybumsted/bksprites/internal/monitor/monitor.go:42.19,43.52 1 0
github.com/jeremybumsted/bksprites/internal/monitor/monitor.go:43.52,45.5 1 0
github.com/jeremybumsted/bksprites/internal/monitor/monitor.go:50.73,54.6 3 0
github.com/jeremybumsted/bksprites/internal/monitor/monitor.go:54.6,61.17 2 0
github.com/jeremybumsted/bksprites/internal/monitor/monitor.go:61.17,63.4 1 0
github.com/jeremybumsted/bksprites/internal/monitor/monitor.go:65.3,65.31 1 0
github.com/jeremybumsted/bksprites/internal/monitor/monitor.go:65.31,68.4 2 0
github.com/jeremybumsted/bksprites/internal/monitor/monitor.go:70.3,70.25 1 0
github.com/jeremybumsted/bksprites/internal/monitor/monitor.go:70.25,71.66 1 0
github.com/jeremybumsted/bksprites/internal/monitor/monitor.go:71.66,73.5 1 0
github.com/jeremybumsted/bksprites/internal/monitor/monitor.go:73.10,75.5 1 0
github.com/jeremybumsted/bksprites/internal/monitor/monitor.go:78.3,78.33 1 0
github.com/jeremybumsted/bksprites/internal/monitor/monitor.go:78.33,79.9 1 0
github.com/jeremybumsted/bksprites/internal/monitor/monitor.go:81.3,81.35 1 0
github.com/jeremybumsted/bksprites/internal/monitor/monitor.go:83.2,83.23 1 0
github.com/jeremybumsted/bksprites/internal/monitor/monitor.go:83.23,85.3 1 0
github.com/jeremybumsted/bksprites/internal/monitor/monitor.go:86.2,86.12 1 0
github.com/jeremybumsted/bksprites/internal/monitor/monitor.go:89.106,90.20 1 1
github.com/jeremybumsted/bksprites/internal/monitor/monitor.go:90.20,92.3 1 1
github.com/jeremybumsted/bksprites/internal/monitor/monitor.go:94.2,95.27 2 0
github.com/jeremybumsted/bksprites/internal/monitor/monitor.go:95.27,97.3 1 0
github.com/jeremybumsted/bksprites/internal/monitor/monitor.go:99.2,106.16 3 0
github.com/jeremybumsted/bksprites/internal/monitor/monitor.go:106.16,108.3 1 0
github.com/jeremybumsted/bksprites/internal/monitor/monitor.go:109.2,109.31 1 0
github.com/jeremybumsted/bksprites/internal/monitor/monitor.go:109.31,111.3 1 0
github.com/jeremybumsted/bksprites/internal/monitor/monitor.go:112.2,112.28 1 0
github.com/jeremybumsted/bksprites/internal/monitor/monitor.go:112.28,115.43 2 0
github.com/jeremybumsted/bksprites/internal/monitor/monitor.go:115.43,117.18 2 0
github.com/jeremybumsted/bksprites/internal/monitor/monitor.go:117.18,119.5 1 0
github.com/jeremybumsted/bksprites/internal/monitor/monitor.go:122.2,122.12 1 0
github.com/jeremybumsted/bksprites/internal/monitor/monitor.go:125.69,129.44 2 0
github.com/jeremybumsted/bksprites/internal/monitor/monitor.go:129.44,131.3 1 0
github.com/jeremybumsted/bksprites/internal/monitor/monitor.go:133.2,133.12 1 0
github.com/jeremybumsted/bksprites/internal/monitor/monitor.go:137.97,145.16 3 0
github.com/jeremybumsted/bksprites/internal/monitor/monitor.go:145.16,147.3 1 0
github.com/jeremybumsted/bksprites/internal/monitor/monitor.go:148.2,148.12 1 0
github.com/jeremybumsted/bksprites/internal/monitor/sprites.go:17.77,18.16 1 1
github.com/jeremybumsted/bksprites/internal/monitor/sprites.go:18.16,20.3 1 1
github.com/jeremybumsted/bksprites/internal/monitor/sprites.go:21.2,24.16 3 1
github.com/jeremybumsted/bksprites/internal/monitor/sprites.go:24.16,27.3 2 1
github.com/jeremybumsted/bksprites/internal/monitor/sprites.go:28.2,29.38 2 1
github.com/jeremybumsted/bksprites/internal/monitor/sprites.go:29.38,32.3 2 1
github.com/jeremybumsted/bksprites/internal/monitor/sprites.go:34.2,34.18 1 1
github.com/jeremybumsted/bksprites/internal/store/job.go:21.42,25.2 1 1
github.com/jeremybumsted/bksprites/internal/store/job.go:27.51,29.16 2 1
github.com/jeremybumsted/bksprites/internal/store/job.go:29.16,31.3 1 0
github.com/jeremybumsted/bksprites/internal/store/job.go:32.2,32.46 1 1
github.com/jeremybumsted/bksprites/internal/store/job.go:35.57,37.9 2 1
github.com/jeremybumsted/bksprites/internal/store/job.go:37.9,39.3 1 1
github.com/jeremybumsted/bksprites/internal/store/job.go:41.2,43.56 2 1
github.com/jeremybumsted/bksprites/internal/store/job.go:43.56,45.3 1 1
github.com/jeremybumsted/bksprites/internal/store/job.go:47.2,47.21 1 1
github.com/jeremybumsted/bksprites/internal/store/job.go:50.45,52.2 1 1
github.com/jeremybumsted/bksprites/internal/store/store.go:25.24,33.2 2 1
github.com/jeremybumsted/bksprites/internal/store/store.go:35.65,39.47 3 1
github.com/jeremybumsted/bksprites/internal/store/store.go:39.47,40.40 1 1
github.com/jeremybumsted/bksprites/internal/store/store.go:40.40,42.4 1 1
github.com/jeremybumsted/bksprites/internal/store/store.go:45.2,46.13 2 1
github.com/jeremybumsted/bksprites/internal/store/store.go:46.13,48.3 1 1
github.com/jeremybumsted/bksprites/internal/store/store.go:50.2,51.12 2 1
github.com/jeremybumsted/bksprites/internal/store/store.go:54.48,61.9 5 1
github.com/jeremybumsted/bksprites/internal/store/store.go:61.9,63.3 1 1
github.com/jeremybumsted/bksprites/internal/store/store.go:65.2,65.60 1 1
github.com/jeremybumsted/bksprites/internal/store/store.go:65.60,67.3 1 1
github.com/jeremybumsted/bksprites/internal/store/store.go:69.2,69.22 1 1
github.com/jeremybumsted/bksprites/internal/store/store.go:72.42,78.2 4 1
